Using pre-set license
Built from '2021.1/staging' branch; Version is '2021.1.15f1 (e767a7370072) revision 15165351'; Using compiler version '192528614'; Build Type 'Release'
OS: 'Windows 10 Home China; OS build 19042.1110; Version 2009; 64bit' Language: 'zh' Physical Memory: 8037 MB
BatchMode: 1, IsHumanControllingUs: 0, StartBugReporterOnCrash: 0, Is64bit: 1, IsPro: 0

 COMMAND LINE ARGUMENTS:
D:\Unity\unity\Editor\Unity.exe
-adb2
-batchMode
-noUpm
-name
AssetImportWorker0
-projectPath
D:/Unity Game
-logFile
Logs/AssetImportWorker0.log
-srvPort
1432
Successfully changed project path to: D:/Unity Game
D:/Unity Game
Using Asset Import Pipeline V2.
Refreshing native plugins compatible for Editor in 82.35 ms, found 3 plugins.
Preloading 0 native plugins for Editor in 0.00 ms.
Initialize engine version: 2021.1.15f1 (e767a7370072)
[Subsystems] Discovering subsystems at path D:/Unity/unity/Editor/Data/Resources/UnitySubsystems
[Subsystems] Discovering subsystems at path D:/Unity Game/Assets
GfxDevice: creating device client; threaded=0; jobified=0
Direct3D:
    Version:  Direct3D 11.0 [level 11.1]
    Renderer: NVIDIA GeForce MX250 (ID=0x1d13)
    Vendor:   NVIDIA
    VRAM:     1983 MB
    Driver:   25.21.14.1972
Initialize mono
Mono path[0] = 'D:/Unity/unity/Editor/Data/Managed'
Mono path[1] = 'D:/Unity/unity/Editor/Data/MonoBleedingEdge/lib/mono/unityjit'
Mono config path = 'D:/Unity/unity/Editor/Data/MonoBleedingEdge/etc'
Using monoOptions --debugger-agent=transport=dt_socket,embedding=1,server=y,suspend=n,address=127.0.0.1:56356
Begin MonoManager ReloadAssembly
Registering precompiled unity dll's ...
Register platform support module: D:/Unity/unity/Editor/Data/PlaybackEngines/WindowsStandaloneSupport/UnityEditor.WindowsStandalone.Extensions.dll
Registered in 0.001919 seconds.
Native extension for WindowsStandalone target not found
Refreshing native plugins compatible for Editor in 81.03 ms, found 3 plugins.
Preloading 0 native plugins for Editor in 0.00 ms.
Mono: successfully reloaded assembly
- Completed reload, in  1.788 seconds
Domain Reload Profiling:
	ReloadAssembly (1788ms)
		BeginReloadAssembly (78ms)
			ExecutionOrderSort (0ms)
			DisableScriptedObjects (0ms)
			BackupInstance (0ms)
			ReleaseScriptingObjects (0ms)
			CreateAndSetChildDomain (1ms)
		EndReloadAssembly (530ms)
			LoadAssemblies (77ms)
			RebuildTransferFunctionScriptingTraits (0ms)
			SetupTypeCache (198ms)
			ReleaseScriptCaches (0ms)
			RebuildScriptCaches (38ms)
			SetupLoadedEditorAssemblies (245ms)
				LogAssemblyErrors (0ms)
				InitializePlatformSupportModulesInManaged (6ms)
				SetLoadedEditorAssemblies (0ms)
				RefreshPlugins (81ms)
				BeforeProcessingInitializeOnLoad (1ms)
				ProcessInitializeOnLoadAttributes (112ms)
				ProcessInitializeOnLoadMethodAttributes (44ms)
				AfterProcessingInitializeOnLoad (0ms)
				EditorAssembliesLoaded (0ms)
			ExecutionOrderSort2 (0ms)
			AwakeInstancesAfterBackupRestoration (0ms)
Platform modules already initialized, skipping
Registering precompiled user dll's ...
Registered in 0.013066 seconds.
Begin MonoManager ReloadAssembly
Native extension for WindowsStandalone target not found
Refreshing native plugins compatible for Editor in 0.58 ms, found 3 plugins.
Preloading 0 native plugins for Editor in 0.00 ms.
Mono: successfully reloaded assembly
- Completed reload, in  1.295 seconds
Domain Reload Profiling:
	ReloadAssembly (1295ms)
		BeginReloadAssembly (175ms)
			ExecutionOrderSort (0ms)
			DisableScriptedObjects (5ms)
			BackupInstance (0ms)
			ReleaseScriptingObjects (0ms)
			CreateAndSetChildDomain (23ms)
		EndReloadAssembly (1061ms)
			LoadAssemblies (170ms)
			RebuildTransferFunctionScriptingTraits (0ms)
			SetupTypeCache (401ms)
			ReleaseScriptCaches (1ms)
			RebuildScriptCaches (55ms)
			SetupLoadedEditorAssemblies (346ms)
				LogAssemblyErrors (0ms)
				InitializePlatformSupportModulesInManaged (5ms)
				SetLoadedEditorAssemblies (0ms)
				RefreshPlugins (1ms)
				BeforeProcessingInitializeOnLoad (69ms)
				ProcessInitializeOnLoadAttributes (263ms)
				ProcessInitializeOnLoadMethodAttributes (6ms)
				AfterProcessingInitializeOnLoad (2ms)
				EditorAssembliesLoaded (0ms)
			ExecutionOrderSort2 (0ms)
			AwakeInstancesAfterBackupRestoration (7ms)
Platform modules already initialized, skipping
========================================================================
Worker process is ready to serve import requests
Launched and connected shader compiler UnityShaderCompiler.exe after 0.10 seconds
Refreshing native plugins compatible for Editor in 0.63 ms, found 3 plugins.
Preloading 0 native plugins for Editor in 0.00 ms.
Unloading 2954 Unused Serialized files (Serialized files now loaded: 0)
System memory in use before: 105.9 MB.
System memory in use after: 106.1 MB.

Unloading 22 unused Assets to reduce memory usage. Loaded Objects now: 3398.
Total: 3.250000 ms (FindLiveObjects: 0.329400 ms CreateObjectMapping: 0.227000 ms MarkObjects: 2.623900 ms  DeleteObjects: 0.068600 ms)

AssetImportParameters requested are different than current active one (requested -> active):
  custom:framework-win-MediaFoundation: 216162199b28c13a410421893ffa2e32 -> 
  custom:video-decoder-ogg-theora: a1e56fd34408186e4bbccfd4996cb3dc -> 
  custom:container-muxer-webm: aa71ff27fc2769a1b78a27578f13a17b -> 
  custom:container-demuxer-webm: 4f35f7cbe854078d1ac9338744f61a02 -> 
  custom:container-demuxer-ogg: 62fdf1f143b41e24485cea50d1cbac27 -> 
  custom:video-encoder-webm-vp8: eb34c28f22e8b96e1ab97ce403110664 -> 
  custom:video-decoder-webm-vp8: 9c59270c3fd7afecdb556c50c9e8de78 -> 
  custom:audio-decoder-ogg-vorbis: bf7c407c2cedff20999df2af8eb42d56 -> 
  custom:audio-encoder-webm-vorbis: bf7c407c2cedff20999df2af8eb42d56 -> 
========================================================================
Received Import Request.
  path: Assets/Prefabs/Player.prefab
  artifactKey: Guid(031115af1f34a0145a2627b99b6221c3) Importer(815301076,1909f56bfc062723c751e8b465ee728b)
Start importing Assets/Prefabs/Player.prefab using Guid(031115af1f34a0145a2627b99b6221c3) Importer(815301076,1909f56bfc062723c751e8b465ee728b)  -> (artifact id: '64998a410d0d1a2d20a2d5d48e1537b5') in 0.114223 seconds 
========================================================================
Received Import Request.
  Time since last request: 0.001087 seconds.
  path: Assets/Prefabs/cell.prefab
  artifactKey: Guid(442eb1048be7b4a7aa9c1be14a394432) Importer(815301076,1909f56bfc062723c751e8b465ee728b)
Start importing Assets/Prefabs/cell.prefab using Guid(442eb1048be7b4a7aa9c1be14a394432) Importer(815301076,1909f56bfc062723c751e8b465ee728b)  -> (artifact id: 'a8cd0776be3dc2b20b5ce72b60bf7d94') in 0.016411 seconds 
========================================================================
Received Import Request.
  Time since last request: 0.001380 seconds.
  path: Assets/Prefabs/InputFieldStyle.preset
  artifactKey: Guid(d0cd1071039634d37af7493b6cfee4c6) Importer(815301076,1909f56bfc062723c751e8b465ee728b)
Start importing Assets/Prefabs/InputFieldStyle.preset using Guid(d0cd1071039634d37af7493b6cfee4c6) Importer(815301076,1909f56bfc062723c751e8b465ee728b)  -> (artifact id: 'e0fc6b45451c7e7fa51f17c3e5229986') in 0.020585 seconds 
========================================================================
Received Import Request.
  Time since last request: 0.001203 seconds.
  path: Assets/Prefabs/Section.prefab
  artifactKey: Guid(e5c14132364d8914ea2f073eff8903cc) Importer(815301076,1909f56bfc062723c751e8b465ee728b)
Start importing Assets/Prefabs/Section.prefab using Guid(e5c14132364d8914ea2f073eff8903cc) Importer(815301076,1909f56bfc062723c751e8b465ee728b)  -> (artifact id: '98c45848a6d11c548919ea77d4cd59c6') in 0.028737 seconds 
========================================================================
Received Import Request.
  Time since last request: 0.001045 seconds.
  path: Assets/Prefabs/居居.prefab
  artifactKey: Guid(a2c36e33147364be9a8d853087374a8e) Importer(815301076,1909f56bfc062723c751e8b465ee728b)
Start importing Assets/Prefabs/居居.prefab using Guid(a2c36e33147364be9a8d853087374a8e) Importer(815301076,1909f56bfc062723c751e8b465ee728b)  -> (artifact id: 'cbda6e268c6eeba2bde133e81848e2b1') in 0.018632 seconds 
========================================================================
Received Import Request.
  Time since last request: 0.001587 seconds.
  path: Assets/Prefabs/ButtonStyle.preset
  artifactKey: Guid(a34051344828a47d3be0dc3567ddcc47) Importer(815301076,1909f56bfc062723c751e8b465ee728b)
Start importing Assets/Prefabs/ButtonStyle.preset using Guid(a34051344828a47d3be0dc3567ddcc47) Importer(815301076,1909f56bfc062723c751e8b465ee728b)  -> (artifact id: '583eb923494ff054eb7ac180b5515b1f') in 0.013670 seconds 
========================================================================
Received Import Request.
  Time since last request: 0.001688 seconds.
  path: Assets/Prefabs/Obstacle.prefab
  artifactKey: Guid(a3363baa3870ddd46bf84af9c621aa9b) Importer(815301076,1909f56bfc062723c751e8b465ee728b)
Start importing Assets/Prefabs/Obstacle.prefab using Guid(a3363baa3870ddd46bf84af9c621aa9b) Importer(815301076,1909f56bfc062723c751e8b465ee728b)  -> (artifact id: '55faa911426b69357edf136f93984ddf') in 0.021517 seconds 
========================================================================
Received Import Request.
  Time since last request: 0.001486 seconds.
  path: Assets/Prefabs/兔宝宝.prefab
  artifactKey: Guid(3efc522a0e93c4cacbb691bf1fdfa42b) Importer(815301076,1909f56bfc062723c751e8b465ee728b)
Start importing Assets/Prefabs/兔宝宝.prefab using Guid(3efc522a0e93c4cacbb691bf1fdfa42b) Importer(815301076,1909f56bfc062723c751e8b465ee728b)  -> (artifact id: '9d47ffb4fee626da619e5f1518d5eec0') in 0.020570 seconds 
========================================================================
Received Import Request.
  Time since last request: 88.717760 seconds.
  path: Assets/images/other
  artifactKey: Guid(3378b8546c4c4464db26b1e2daee6582) Importer(815301076,1909f56bfc062723c751e8b465ee728b)
Start importing Assets/images/other using Guid(3378b8546c4c4464db26b1e2daee6582) Importer(815301076,1909f56bfc062723c751e8b465ee728b)  -> (artifact id: 'ceeef38497518e651cd47bd6fb246d45') in 0.008194 seconds 
========================================================================
Received Import Request.
  Time since last request: 0.025529 seconds.
  path: Assets/images/other/coin.png
  artifactKey: Guid(2c74d611f0717bb45baac43100a2a3de) Importer(815301076,1909f56bfc062723c751e8b465ee728b)
Start importing Assets/images/other/coin.png using Guid(2c74d611f0717bb45baac43100a2a3de) Importer(815301076,1909f56bfc062723c751e8b465ee728b)  -> (artifact id: 'ea616a20d0763ec6cc6569b1b2cf8ce1') in 0.058203 seconds 
========================================================================
Received Import Request.
  Time since last request: 0.001112 seconds.
  path: Assets/images/other/hinder.png
  artifactKey: Guid(bce35615fd819e947ab54eba1bf343f6) Importer(815301076,1909f56bfc062723c751e8b465ee728b)
Start importing Assets/images/other/hinder.png using Guid(bce35615fd819e947ab54eba1bf343f6) Importer(815301076,1909f56bfc062723c751e8b465ee728b)  -> (artifact id: '634141a5336c61a4939de22a9752f6bd') in 0.031328 seconds 
========================================================================
Received Import Request.
  Time since last request: 0.001061 seconds.
  path: Assets/images/other/jumpMenu.png
  artifactKey: Guid(ade68a7160731f949be8540dab395f7f) Importer(815301076,1909f56bfc062723c751e8b465ee728b)
Start importing Assets/images/other/jumpMenu.png using Guid(ade68a7160731f949be8540dab395f7f) Importer(815301076,1909f56bfc062723c751e8b465ee728b)  -> (artifact id: '6a9752f852f32f93988bd02e45833b67') in 0.021583 seconds 
========================================================================
Received Import Request.
  Time since last request: 0.001565 seconds.
  path: Assets/images/other/胡萝卜.png
  artifactKey: Guid(dc3c7866fc318384c89d8f838f2e4b12) Importer(815301076,1909f56bfc062723c751e8b465ee728b)
Start importing Assets/images/other/胡萝卜.png using Guid(dc3c7866fc318384c89d8f838f2e4b12) Importer(815301076,1909f56bfc062723c751e8b465ee728b)  -> (artifact id: '4bdf751b10958521bc12ac2cc6315217') in 0.033592 seconds 
========================================================================
Received Import Request.
  Time since last request: 0.001231 seconds.
  path: Assets/images/other/jumpMenuLock.png
  artifactKey: Guid(48e0981891bf50e4084da47962e0b48c) Importer(815301076,1909f56bfc062723c751e8b465ee728b)
Start importing Assets/images/other/jumpMenuLock.png using Guid(48e0981891bf50e4084da47962e0b48c) Importer(815301076,1909f56bfc062723c751e8b465ee728b)  -> (artifact id: 'dfef1dc9777cf628dc17faddc9ead647') in 0.018804 seconds 
========================================================================
Received Import Request.
  Time since last request: 403.099850 seconds.
  path: Assets/Prefabs/Section.prefab
  artifactKey: Guid(e5c14132364d8914ea2f073eff8903cc) Importer(815301076,1909f56bfc062723c751e8b465ee728b)
Start importing Assets/Prefabs/Section.prefab using Guid(e5c14132364d8914ea2f073eff8903cc) Importer(815301076,1909f56bfc062723c751e8b465ee728b)  -> (artifact id: '71e1faafe799243fb923a2b390a579e6') in 0.025013 seconds 
========================================================================
Received Import Request.
  Time since last request: 14.584137 seconds.
  path: Assets/Prefabs/Section.prefab
  artifactKey: Guid(e5c14132364d8914ea2f073eff8903cc) Importer(815301076,1909f56bfc062723c751e8b465ee728b)
Start importing Assets/Prefabs/Section.prefab using Guid(e5c14132364d8914ea2f073eff8903cc) Importer(815301076,1909f56bfc062723c751e8b465ee728b)  -> (artifact id: 'fd9651d04b5ee600f7ca4bc509576ced') in 0.017285 seconds 
========================================================================
Received Import Request.
  Time since last request: 0.001460 seconds.
  path: Assets/Prefabs/胡萝卜 (1).prefab
  artifactKey: Guid(c93f331f16fc4be4081dd431391a302e) Importer(815301076,1909f56bfc062723c751e8b465ee728b)
Start importing Assets/Prefabs/胡萝卜 (1).prefab using Guid(c93f331f16fc4be4081dd431391a302e) Importer(815301076,1909f56bfc062723c751e8b465ee728b)  -> (artifact id: 'b18a005f327c6b140777d5e8a8323bf1') in 0.017808 seconds 
========================================================================
Received Import Request.
  Time since last request: 115.599067 seconds.
  path: Assets/Scripts
  artifactKey: Guid(60c714640eb129e4e83b1a84cd9353ba) Importer(815301076,1909f56bfc062723c751e8b465ee728b)
Start importing Assets/Scripts using Guid(60c714640eb129e4e83b1a84cd9353ba) Importer(815301076,1909f56bfc062723c751e8b465ee728b)  -> (artifact id: '4437ed16555286a8b2ad4579bd2ec420') in 0.007796 seconds 
========================================================================
Received Import Request.
  Time since last request: 12.111148 seconds.
  path: Assets/Scripts/GroundControl.cs
  artifactKey: Guid(1819efc1cef4424449d02e7e7c6e369d) Importer(815301076,1909f56bfc062723c751e8b465ee728b)
Start importing Assets/Scripts/GroundControl.cs using Guid(1819efc1cef4424449d02e7e7c6e369d) Importer(815301076,1909f56bfc062723c751e8b465ee728b)  -> (artifact id: '599fa15118d0b6f69b028e480e8ef05a') in 0.011817 seconds 
========================================================================
Received Prepare
Registering precompiled user dll's ...
Registered in 0.004536 seconds.
Begin MonoManager ReloadAssembly
Native extension for WindowsStandalone target not found
Refreshing native plugins compatible for Editor in 0.65 ms, found 3 plugins.
Preloading 0 native plugins for Editor in 0.00 ms.
Mono: successfully reloaded assembly
- Completed reload, in  1.269 seconds
Domain Reload Profiling:
	ReloadAssembly (1269ms)
		BeginReloadAssembly (161ms)
			ExecutionOrderSort (0ms)
			DisableScriptedObjects (5ms)
			BackupInstance (0ms)
			ReleaseScriptingObjects (0ms)
			CreateAndSetChildDomain (45ms)
		EndReloadAssembly (1043ms)
			LoadAssemblies (127ms)
			RebuildTransferFunctionScriptingTraits (0ms)
			SetupTypeCache (402ms)
			ReleaseScriptCaches (1ms)
			RebuildScriptCaches (52ms)
			SetupLoadedEditorAssemblies (347ms)
				LogAssemblyErrors (0ms)
				InitializePlatformSupportModulesInManaged (6ms)
				SetLoadedEditorAssemblies (0ms)
				RefreshPlugins (1ms)
				BeforeProcessingInitializeOnLoad (50ms)
				ProcessInitializeOnLoadAttributes (284ms)
				ProcessInitializeOnLoadMethodAttributes (5ms)
				AfterProcessingInitializeOnLoad (2ms)
				EditorAssembliesLoaded (0ms)
			ExecutionOrderSort2 (0ms)
			AwakeInstancesAfterBackupRestoration (14ms)
Platform modules already initialized, skipping
Refreshing native plugins compatible for Editor in 0.65 ms, found 3 plugins.
Preloading 0 native plugins for Editor in 0.00 ms.
Unloading 2954 Unused Serialized files (Serialized files now loaded: 0)
System memory in use before: 112.7 MB.
System memory in use after: 112.9 MB.

Unloading 20 unused Assets to reduce memory usage. Loaded Objects now: 3496.
Total: 2.923200 ms (FindLiveObjects: 0.280700 ms CreateObjectMapping: 0.131500 ms MarkObjects: 2.439600 ms  DeleteObjects: 0.070600 ms)

AssetImportParameters requested are different than current active one (requested -> active):
  custom:framework-win-MediaFoundation: 216162199b28c13a410421893ffa2e32 -> 
  custom:video-decoder-ogg-theora: a1e56fd34408186e4bbccfd4996cb3dc -> 
  custom:container-muxer-webm: aa71ff27fc2769a1b78a27578f13a17b -> 
  custom:container-demuxer-webm: 4f35f7cbe854078d1ac9338744f61a02 -> 
  custom:container-demuxer-ogg: 62fdf1f143b41e24485cea50d1cbac27 -> 
  custom:video-encoder-webm-vp8: eb34c28f22e8b96e1ab97ce403110664 -> 
  custom:video-decoder-webm-vp8: 9c59270c3fd7afecdb556c50c9e8de78 -> 
  custom:audio-decoder-ogg-vorbis: bf7c407c2cedff20999df2af8eb42d56 -> 
  custom:audio-encoder-webm-vorbis: bf7c407c2cedff20999df2af8eb42d56 -> 
========================================================================
Received Prepare
Registering precompiled user dll's ...
Registered in 0.004118 seconds.
Begin MonoManager ReloadAssembly
Native extension for WindowsStandalone target not found
Refreshing native plugins compatible for Editor in 0.65 ms, found 3 plugins.
Preloading 0 native plugins for Editor in 0.00 ms.
Mono: successfully reloaded assembly
- Completed reload, in  1.154 seconds
Domain Reload Profiling:
	ReloadAssembly (1155ms)
		BeginReloadAssembly (141ms)
			ExecutionOrderSort (0ms)
			DisableScriptedObjects (6ms)
			BackupInstance (0ms)
			ReleaseScriptingObjects (0ms)
			CreateAndSetChildDomain (40ms)
		EndReloadAssembly (943ms)
			LoadAssemblies (113ms)
			RebuildTransferFunctionScriptingTraits (0ms)
			SetupTypeCache (381ms)
			ReleaseScriptCaches (1ms)
			RebuildScriptCaches (43ms)
			SetupLoadedEditorAssemblies (309ms)
				LogAssemblyErrors (0ms)
				InitializePlatformSupportModulesInManaged (5ms)
				SetLoadedEditorAssemblies (0ms)
				RefreshPlugins (1ms)
				BeforeProcessingInitializeOnLoad (54ms)
				ProcessInitializeOnLoadAttributes (241ms)
				ProcessInitializeOnLoadMethodAttributes (5ms)
				AfterProcessingInitializeOnLoad (2ms)
				EditorAssembliesLoaded (0ms)
			ExecutionOrderSort2 (0ms)
			AwakeInstancesAfterBackupRestoration (14ms)
Platform modules already initialized, skipping
Refreshing native plugins compatible for Editor in 1.01 ms, found 3 plugins.
Preloading 0 native plugins for Editor in 0.00 ms.
Unloading 2949 Unused Serialized files (Serialized files now loaded: 0)
System memory in use before: 112.5 MB.
System memory in use after: 112.8 MB.

Unloading 17 unused Assets to reduce memory usage. Loaded Objects now: 3499.
Total: 4.963600 ms (FindLiveObjects: 0.458000 ms CreateObjectMapping: 0.308700 ms MarkObjects: 4.162900 ms  DeleteObjects: 0.032100 ms)

AssetImportParameters requested are different than current active one (requested -> active):
  custom:framework-win-MediaFoundation: 216162199b28c13a410421893ffa2e32 -> 
  custom:video-decoder-ogg-theora: a1e56fd34408186e4bbccfd4996cb3dc -> 
  custom:container-muxer-webm: aa71ff27fc2769a1b78a27578f13a17b -> 
  custom:container-demuxer-webm: 4f35f7cbe854078d1ac9338744f61a02 -> 
  custom:container-demuxer-ogg: 62fdf1f143b41e24485cea50d1cbac27 -> 
  custom:video-encoder-webm-vp8: eb34c28f22e8b96e1ab97ce403110664 -> 
  custom:video-decoder-webm-vp8: 9c59270c3fd7afecdb556c50c9e8de78 -> 
  custom:audio-decoder-ogg-vorbis: bf7c407c2cedff20999df2af8eb42d56 -> 
  custom:audio-encoder-webm-vorbis: bf7c407c2cedff20999df2af8eb42d56 -> 
========================================================================
Received Import Request.
  Time since last request: 117.305739 seconds.
  path: Assets/Scripts/BackGroundControl.cs
  artifactKey: Guid(ac2a659bf1b248646b9eb2ef47c2955e) Importer(815301076,1909f56bfc062723c751e8b465ee728b)
Start importing Assets/Scripts/BackGroundControl.cs using Guid(ac2a659bf1b248646b9eb2ef47c2955e) Importer(815301076,1909f56bfc062723c751e8b465ee728b)  -> (artifact id: '812257f7707ae6198a4d445a268b4a62') in 0.009333 seconds 
========================================================================
Received Import Request.
  Time since last request: 10.016772 seconds.
  path: Assets/Scripts/GroundControl.cs
  artifactKey: Guid(1819efc1cef4424449d02e7e7c6e369d) Importer(815301076,1909f56bfc062723c751e8b465ee728b)
Start importing Assets/Scripts/GroundControl.cs using Guid(1819efc1cef4424449d02e7e7c6e369d) Importer(815301076,1909f56bfc062723c751e8b465ee728b)  -> (artifact id: '9a7d77c1276f26fd28422919dafe07ba') in 0.005836 seconds 
========================================================================
Received Prepare
Registering precompiled user dll's ...
Registered in 0.003992 seconds.
Begin MonoManager ReloadAssembly
Native extension for WindowsStandalone target not found
Refreshing native plugins compatible for Editor in 0.91 ms, found 3 plugins.
Preloading 0 native plugins for Editor in 0.00 ms.
Mono: successfully reloaded assembly
- Completed reload, in  1.260 seconds
Domain Reload Profiling:
	ReloadAssembly (1260ms)
		BeginReloadAssembly (139ms)
			ExecutionOrderSort (0ms)
			DisableScriptedObjects (6ms)
			BackupInstance (0ms)
			ReleaseScriptingObjects (0ms)
			CreateAndSetChildDomain (38ms)
		EndReloadAssembly (1054ms)
			LoadAssemblies (133ms)
			RebuildTransferFunctionScriptingTraits (0ms)
			SetupTypeCache (406ms)
			ReleaseScriptCaches (1ms)
			RebuildScriptCaches (43ms)
			SetupLoadedEditorAssemblies (360ms)
				LogAssemblyErrors (0ms)
				InitializePlatformSupportModulesInManaged (7ms)
				SetLoadedEditorAssemblies (1ms)
				RefreshPlugins (1ms)
				BeforeProcessingInitializeOnLoad (65ms)
				ProcessInitializeOnLoadAttributes (278ms)
				ProcessInitializeOnLoadMethodAttributes (7ms)
				AfterProcessingInitializeOnLoad (2ms)
				EditorAssembliesLoaded (0ms)
			ExecutionOrderSort2 (0ms)
			AwakeInstancesAfterBackupRestoration (13ms)
Platform modules already initialized, skipping
Refreshing native plugins compatible for Editor in 0.65 ms, found 3 plugins.
Preloading 0 native plugins for Editor in 0.00 ms.
Unloading 2949 Unused Serialized files (Serialized files now loaded: 0)
System memory in use before: 112.6 MB.
System memory in use after: 112.8 MB.

Unloading 17 unused Assets to reduce memory usage. Loaded Objects now: 3502.
Total: 3.210600 ms (FindLiveObjects: 0.368400 ms CreateObjectMapping: 0.217700 ms MarkObjects: 2.603100 ms  DeleteObjects: 0.020100 ms)

AssetImportParameters requested are different than current active one (requested -> active):
  custom:framework-win-MediaFoundation: 216162199b28c13a410421893ffa2e32 -> 
  custom:video-decoder-ogg-theora: a1e56fd34408186e4bbccfd4996cb3dc -> 
  custom:container-muxer-webm: aa71ff27fc2769a1b78a27578f13a17b -> 
  custom:container-demuxer-webm: 4f35f7cbe854078d1ac9338744f61a02 -> 
  custom:container-demuxer-ogg: 62fdf1f143b41e24485cea50d1cbac27 -> 
  custom:video-encoder-webm-vp8: eb34c28f22e8b96e1ab97ce403110664 -> 
  custom:video-decoder-webm-vp8: 9c59270c3fd7afecdb556c50c9e8de78 -> 
  custom:audio-decoder-ogg-vorbis: bf7c407c2cedff20999df2af8eb42d56 -> 
  custom:audio-encoder-webm-vorbis: bf7c407c2cedff20999df2af8eb42d56 -> 
========================================================================
Received Prepare
Registering precompiled user dll's ...
Registered in 0.003954 seconds.
Begin MonoManager ReloadAssembly
Native extension for WindowsStandalone target not found
Refreshing native plugins compatible for Editor in 0.61 ms, found 3 plugins.
Preloading 0 native plugins for Editor in 0.00 ms.
Mono: successfully reloaded assembly
- Completed reload, in  1.161 seconds
Domain Reload Profiling:
	ReloadAssembly (1162ms)
		BeginReloadAssembly (139ms)
			ExecutionOrderSort (0ms)
			DisableScriptedObjects (7ms)
			BackupInstance (0ms)
			ReleaseScriptingObjects (0ms)
			CreateAndSetChildDomain (39ms)
		EndReloadAssembly (956ms)
			LoadAssemblies (108ms)
			RebuildTransferFunctionScriptingTraits (0ms)
			SetupTypeCache (364ms)
			ReleaseScriptCaches (2ms)
			RebuildScriptCaches (43ms)
			SetupLoadedEditorAssemblies (330ms)
				LogAssemblyErrors (0ms)
				InitializePlatformSupportModulesInManaged (5ms)
				SetLoadedEditorAssemblies (0ms)
				RefreshPlugins (1ms)
				BeforeProcessingInitializeOnLoad (51ms)
				ProcessInitializeOnLoadAttributes (261ms)
				ProcessInitializeOnLoadMethodAttributes (6ms)
				AfterProcessingInitializeOnLoad (4ms)
				EditorAssembliesLoaded (0ms)
			ExecutionOrderSort2 (0ms)
			AwakeInstancesAfterBackupRestoration (23ms)
Platform modules already initialized, skipping
Refreshing native plugins compatible for Editor in 0.62 ms, found 3 plugins.
Preloading 0 native plugins for Editor in 0.00 ms.
Unloading 2949 Unused Serialized files (Serialized files now loaded: 0)
System memory in use before: 112.6 MB.
System memory in use after: 112.8 MB.

Unloading 17 unused Assets to reduce memory usage. Loaded Objects now: 3505.
Total: 2.644000 ms (FindLiveObjects: 0.267700 ms CreateObjectMapping: 0.146900 ms MarkObjects: 2.204300 ms  DeleteObjects: 0.024000 ms)

AssetImportParameters requested are different than current active one (requested -> active):
  custom:framework-win-MediaFoundation: 216162199b28c13a410421893ffa2e32 -> 
  custom:video-decoder-ogg-theora: a1e56fd34408186e4bbccfd4996cb3dc -> 
  custom:container-muxer-webm: aa71ff27fc2769a1b78a27578f13a17b -> 
  custom:container-demuxer-webm: 4f35f7cbe854078d1ac9338744f61a02 -> 
  custom:container-demuxer-ogg: 62fdf1f143b41e24485cea50d1cbac27 -> 
  custom:video-encoder-webm-vp8: eb34c28f22e8b96e1ab97ce403110664 -> 
  custom:video-decoder-webm-vp8: 9c59270c3fd7afecdb556c50c9e8de78 -> 
  custom:audio-decoder-ogg-vorbis: bf7c407c2cedff20999df2af8eb42d56 -> 
  custom:audio-encoder-webm-vorbis: bf7c407c2cedff20999df2af8eb42d56 -> 
========================================================================
Received Prepare
Registering precompiled user dll's ...
Registered in 0.004074 seconds.
Begin MonoManager ReloadAssembly
Native extension for WindowsStandalone target not found
Refreshing native plugins compatible for Editor in 0.75 ms, found 3 plugins.
Preloading 0 native plugins for Editor in 0.00 ms.
Mono: successfully reloaded assembly
- Completed reload, in  1.180 seconds
Domain Reload Profiling:
	ReloadAssembly (1180ms)
		BeginReloadAssembly (151ms)
			ExecutionOrderSort (0ms)
			DisableScriptedObjects (6ms)
			BackupInstance (0ms)
			ReleaseScriptingObjects (0ms)
			CreateAndSetChildDomain (40ms)
		EndReloadAssembly (963ms)
			LoadAssemblies (131ms)
			RebuildTransferFunctionScriptingTraits (0ms)
			SetupTypeCache (400ms)
			ReleaseScriptCaches (2ms)
			RebuildScriptCaches (44ms)
			SetupLoadedEditorAssemblies (298ms)
				LogAssemblyErrors (0ms)
				InitializePlatformSupportModulesInManaged (5ms)
				SetLoadedEditorAssemblies (0ms)
				RefreshPlugins (1ms)
				BeforeProcessingInitializeOnLoad (49ms)
				ProcessInitializeOnLoadAttributes (235ms)
				ProcessInitializeOnLoadMethodAttributes (5ms)
				AfterProcessingInitializeOnLoad (2ms)
				EditorAssembliesLoaded (0ms)
			ExecutionOrderSort2 (0ms)
			AwakeInstancesAfterBackupRestoration (14ms)
Platform modules already initialized, skipping
Refreshing native plugins compatible for Editor in 0.60 ms, found 3 plugins.
Preloading 0 native plugins for Editor in 0.00 ms.
Unloading 2949 Unused Serialized files (Serialized files now loaded: 0)
System memory in use before: 112.6 MB.
System memory in use after: 112.8 MB.

Unloading 17 unused Assets to reduce memory usage. Loaded Objects now: 3508.
Total: 2.923600 ms (FindLiveObjects: 0.282500 ms CreateObjectMapping: 0.126600 ms MarkObjects: 2.493700 ms  DeleteObjects: 0.019800 ms)

AssetImportParameters requested are different than current active one (requested -> active):
  custom:framework-win-MediaFoundation: 216162199b28c13a410421893ffa2e32 -> 
  custom:video-decoder-ogg-theora: a1e56fd34408186e4bbccfd4996cb3dc -> 
  custom:container-muxer-webm: aa71ff27fc2769a1b78a27578f13a17b -> 
  custom:container-demuxer-webm: 4f35f7cbe854078d1ac9338744f61a02 -> 
  custom:container-demuxer-ogg: 62fdf1f143b41e24485cea50d1cbac27 -> 
  custom:video-encoder-webm-vp8: eb34c28f22e8b96e1ab97ce403110664 -> 
  custom:video-decoder-webm-vp8: 9c59270c3fd7afecdb556c50c9e8de78 -> 
  custom:audio-decoder-ogg-vorbis: bf7c407c2cedff20999df2af8eb42d56 -> 
  custom:audio-encoder-webm-vorbis: bf7c407c2cedff20999df2af8eb42d56 -> 
========================================================================
Received Prepare
Registering precompiled user dll's ...
Registered in 0.004085 seconds.
Begin MonoManager ReloadAssembly
Native extension for WindowsStandalone target not found
Refreshing native plugins compatible for Editor in 0.67 ms, found 3 plugins.
Preloading 0 native plugins for Editor in 0.00 ms.
Mono: successfully reloaded assembly
- Completed reload, in  1.155 seconds
Domain Reload Profiling:
	ReloadAssembly (1155ms)
		BeginReloadAssembly (147ms)
			ExecutionOrderSort (0ms)
			DisableScriptedObjects (8ms)
			BackupInstance (0ms)
			ReleaseScriptingObjects (0ms)
			CreateAndSetChildDomain (42ms)
		EndReloadAssembly (947ms)
			LoadAssemblies (112ms)
			RebuildTransferFunctionScriptingTraits (0ms)
			SetupTypeCache (368ms)
			ReleaseScriptCaches (1ms)
			RebuildScriptCaches (44ms)
			SetupLoadedEditorAssemblies (321ms)
				LogAssemblyErrors (0ms)
				InitializePlatformSupportModulesInManaged (8ms)
				SetLoadedEditorAssemblies (1ms)
				RefreshPlugins (1ms)
				BeforeProcessingInitializeOnLoad (50ms)
				ProcessInitializeOnLoadAttributes (255ms)
				ProcessInitializeOnLoadMethodAttributes (5ms)
				AfterProcessingInitializeOnLoad (2ms)
				EditorAssembliesLoaded (0ms)
			ExecutionOrderSort2 (0ms)
			AwakeInstancesAfterBackupRestoration (15ms)
Platform modules already initialized, skipping
Refreshing native plugins compatible for Editor in 0.59 ms, found 3 plugins.
Preloading 0 native plugins for Editor in 0.00 ms.
Unloading 2949 Unused Serialized files (Serialized files now loaded: 0)
System memory in use before: 112.6 MB.
System memory in use after: 112.9 MB.

Unloading 17 unused Assets to reduce memory usage. Loaded Objects now: 3511.
Total: 2.964900 ms (FindLiveObjects: 0.281300 ms CreateObjectMapping: 0.125500 ms MarkObjects: 2.536200 ms  DeleteObjects: 0.020800 ms)

AssetImportParameters requested are different than current active one (requested -> active):
  custom:framework-win-MediaFoundation: 216162199b28c13a410421893ffa2e32 -> 
  custom:video-decoder-ogg-theora: a1e56fd34408186e4bbccfd4996cb3dc -> 
  custom:container-muxer-webm: aa71ff27fc2769a1b78a27578f13a17b -> 
  custom:container-demuxer-webm: 4f35f7cbe854078d1ac9338744f61a02 -> 
  custom:container-demuxer-ogg: 62fdf1f143b41e24485cea50d1cbac27 -> 
  custom:video-encoder-webm-vp8: eb34c28f22e8b96e1ab97ce403110664 -> 
  custom:video-decoder-webm-vp8: 9c59270c3fd7afecdb556c50c9e8de78 -> 
  custom:audio-decoder-ogg-vorbis: bf7c407c2cedff20999df2af8eb42d56 -> 
  custom:audio-encoder-webm-vorbis: bf7c407c2cedff20999df2af8eb42d56 -> 
========================================================================
Received Prepare
Registering precompiled user dll's ...
Registered in 0.003960 seconds.
Begin MonoManager ReloadAssembly
Native extension for WindowsStandalone target not found
Refreshing native plugins compatible for Editor in 0.69 ms, found 3 plugins.
Preloading 0 native plugins for Editor in 0.00 ms.
Mono: successfully reloaded assembly
- Completed reload, in  1.162 seconds
Domain Reload Profiling:
	ReloadAssembly (1162ms)
		BeginReloadAssembly (177ms)
			ExecutionOrderSort (0ms)
			DisableScriptedObjects (6ms)
			BackupInstance (0ms)
			ReleaseScriptingObjects (0ms)
			CreateAndSetChildDomain (46ms)
		EndReloadAssembly (922ms)
			LoadAssemblies (114ms)
			RebuildTransferFunctionScriptingTraits (0ms)
			SetupTypeCache (368ms)
			ReleaseScriptCaches (1ms)
			RebuildScriptCaches (44ms)
			SetupLoadedEditorAssemblies (302ms)
				LogAssemblyErrors (0ms)
				InitializePlatformSupportModulesInManaged (5ms)
				SetLoadedEditorAssemblies (0ms)
				RefreshPlugins (1ms)
				BeforeProcessingInitializeOnLoad (51ms)
				ProcessInitializeOnLoadAttributes (238ms)
				ProcessInitializeOnLoadMethodAttributes (5ms)
				AfterProcessingInitializeOnLoad (2ms)
				EditorAssembliesLoaded (0ms)
			ExecutionOrderSort2 (0ms)
			AwakeInstancesAfterBackupRestoration (14ms)
Platform modules already initialized, skipping
Refreshing native plugins compatible for Editor in 0.61 ms, found 3 plugins.
Preloading 0 native plugins for Editor in 0.00 ms.
Unloading 2949 Unused Serialized files (Serialized files now loaded: 0)
System memory in use before: 112.6 MB.
System memory in use after: 112.9 MB.

Unloading 17 unused Assets to reduce memory usage. Loaded Objects now: 3514.
Total: 2.799700 ms (FindLiveObjects: 0.294600 ms CreateObjectMapping: 0.134000 ms MarkObjects: 2.348900 ms  DeleteObjects: 0.021000 ms)

AssetImportParameters requested are different than current active one (requested -> active):
  custom:framework-win-MediaFoundation: 216162199b28c13a410421893ffa2e32 -> 
  custom:video-decoder-ogg-theora: a1e56fd34408186e4bbccfd4996cb3dc -> 
  custom:container-muxer-webm: aa71ff27fc2769a1b78a27578f13a17b -> 
  custom:container-demuxer-webm: 4f35f7cbe854078d1ac9338744f61a02 -> 
  custom:container-demuxer-ogg: 62fdf1f143b41e24485cea50d1cbac27 -> 
  custom:video-encoder-webm-vp8: eb34c28f22e8b96e1ab97ce403110664 -> 
  custom:video-decoder-webm-vp8: 9c59270c3fd7afecdb556c50c9e8de78 -> 
  custom:audio-decoder-ogg-vorbis: bf7c407c2cedff20999df2af8eb42d56 -> 
  custom:audio-encoder-webm-vorbis: bf7c407c2cedff20999df2af8eb42d56 -> 
========================================================================
Received Import Request.
  Time since last request: 926.955439 seconds.
  path: Assets/images/background/bg.jpg
  artifactKey: Guid(45957e1a17185e14c997cb936606b7e6) Importer(815301076,1909f56bfc062723c751e8b465ee728b)
Start importing Assets/images/background/bg.jpg using Guid(45957e1a17185e14c997cb936606b7e6) Importer(815301076,1909f56bfc062723c751e8b465ee728b)  -> (artifact id: 'dadb63e2cb87592a3bacfc2de4ac8c60') in 0.089295 seconds 
========================================================================
Received Import Request.
  Time since last request: 5.556534 seconds.
  path: Assets/Resources/barrel.png
  artifactKey: Guid(0ea5d6eee3050ab4794d01ada8bb8b46) Importer(815301076,1909f56bfc062723c751e8b465ee728b)
Start importing Assets/Resources/barrel.png using Guid(0ea5d6eee3050ab4794d01ada8bb8b46) Importer(815301076,1909f56bfc062723c751e8b465ee728b)  -> (artifact id: '80448c69c06924c290029db9bb2de864') in 0.022209 seconds 
========================================================================
Received Import Request.
  Time since last request: 0.001434 seconds.
  path: Assets/Resources/金币.mp3
  artifactKey: Guid(849cf8685535f6b4dbcdf0205f15b29d) Importer(815301076,1909f56bfc062723c751e8b465ee728b)
Start importing Assets/Resources/金币.mp3 using Guid(849cf8685535f6b4dbcdf0205f15b29d) Importer(815301076,1909f56bfc062723c751e8b465ee728b)  -> (artifact id: '65a5cc2553c5c1ef5913ef103baf3de6') in 0.107854 seconds 
========================================================================
Received Import Request.
  Time since last request: 0.001379 seconds.
  path: Assets/Resources/MenuLogo.png
  artifactKey: Guid(94d838ec01ff0cb4b95db68aa3e4dab1) Importer(815301076,1909f56bfc062723c751e8b465ee728b)
Start importing Assets/Resources/MenuLogo.png using Guid(94d838ec01ff0cb4b95db68aa3e4dab1) Importer(815301076,1909f56bfc062723c751e8b465ee728b)  -> (artifact id: 'fce929484fd2b1b5c70fd059fc10de95') in 0.034856 seconds 
========================================================================
Received Import Request.
  Time since last request: 0.001384 seconds.
  path: Assets/Resources/Heart.jpg
  artifactKey: Guid(f07aa50cb7c29314c9323682665e6540) Importer(815301076,1909f56bfc062723c751e8b465ee728b)
Start importing Assets/Resources/Heart.jpg using Guid(f07aa50cb7c29314c9323682665e6540) Importer(815301076,1909f56bfc062723c751e8b465ee728b)  -> (artifact id: 'dbd2ad5f5b195644e37070282f18734f') in 0.032773 seconds 
========================================================================
Received Import Request.
  Time since last request: 0.001615 seconds.
  path: Assets/Resources/Boss死了.mp3
  artifactKey: Guid(dca4e934986a83f4f8b39a7a4d805eb3) Importer(815301076,1909f56bfc062723c751e8b465ee728b)
Start importing Assets/Resources/Boss死了.mp3 using Guid(dca4e934986a83f4f8b39a7a4d805eb3) Importer(815301076,1909f56bfc062723c751e8b465ee728b)  -> (artifact id: 'cfbf26f04c6598931eeccc613d6b1e00') in 0.018166 seconds 
========================================================================
Received Import Request.
  Time since last request: 0.001425 seconds.
  path: Assets/Resources/Player.png
  artifactKey: Guid(1ccd8d36f44b04942925b1bfe4672591) Importer(815301076,1909f56bfc062723c751e8b465ee728b)
Start importing Assets/Resources/Player.png using Guid(1ccd8d36f44b04942925b1bfe4672591) Importer(815301076,1909f56bfc062723c751e8b465ee728b)  -> (artifact id: 'd536a78edb8089a5df334e2b261f3db1') in 0.028398 seconds 
========================================================================
Received Import Request.
  Time since last request: 0.001222 seconds.
  path: Assets/Resources/EndImage.png
  artifactKey: Guid(76630802ab0ce574ca8a9a339591f51f) Importer(815301076,1909f56bfc062723c751e8b465ee728b)
Start importing Assets/Resources/EndImage.png using Guid(76630802ab0ce574ca8a9a339591f51f) Importer(815301076,1909f56bfc062723c751e8b465ee728b)  -> (artifact id: 'de5089fb4f56a19c936d899aa4817611') in 0.029819 seconds 
========================================================================
Received Import Request.
  Time since last request: 0.001899 seconds.
  path: Assets/Resources/跳.mp3
  artifactKey: Guid(93fd1e98920b9f14784ef176da433ac5) Importer(815301076,1909f56bfc062723c751e8b465ee728b)
Start importing Assets/Resources/跳.mp3 using Guid(93fd1e98920b9f14784ef176da433ac5) Importer(815301076,1909f56bfc062723c751e8b465ee728b)  -> (artifact id: 'd6941c6ad3000f535b0c7219be35ac45') in 0.018088 seconds 
========================================================================
Received Import Request.
  Time since last request: 0.001304 seconds.
  path: Assets/Resources/HalfHeart.jpg
  artifactKey: Guid(84f7b58953d78344aaa99b9b34d6067c) Importer(815301076,1909f56bfc062723c751e8b465ee728b)
Start importing Assets/Resources/HalfHeart.jpg using Guid(84f7b58953d78344aaa99b9b34d6067c) Importer(815301076,1909f56bfc062723c751e8b465ee728b)  -> (artifact id: 'bcee8073f9ae918ed232a709df1d22cc') in 0.023765 seconds 
========================================================================
Received Import Request.
  Time since last request: 3.765278 seconds.
  path: Assets/Sounds/Boss死了.mp3
  artifactKey: Guid(c3031c5772c30074eab5363095afae04) Importer(815301076,1909f56bfc062723c751e8b465ee728b)
Start importing Assets/Sounds/Boss死了.mp3 using Guid(c3031c5772c30074eab5363095afae04) Importer(815301076,1909f56bfc062723c751e8b465ee728b)  -> (artifact id: '2574523c93c2e9f868585aecdad670a0') in 0.023981 seconds 
========================================================================
Received Import Request.
  Time since last request: 0.001965 seconds.
  path: Assets/Sounds/金币.mp3
  artifactKey: Guid(7060f9fc4b5a98b428c78f503321d864) Importer(815301076,1909f56bfc062723c751e8b465ee728b)
Start importing Assets/Sounds/金币.mp3 using Guid(7060f9fc4b5a98b428c78f503321d864) Importer(815301076,1909f56bfc062723c751e8b465ee728b)  -> (artifact id: '5bbd07f757c90720895c16bda37573e0') in 0.017674 seconds 
========================================================================
Received Import Request.
  Time since last request: 0.001424 seconds.
  path: Assets/Sounds/跳.mp3
  artifactKey: Guid(e2e0e34e5382cd042a05b6005f645cf8) Importer(815301076,1909f56bfc062723c751e8b465ee728b)
Start importing Assets/Sounds/跳.mp3 using Guid(e2e0e34e5382cd042a05b6005f645cf8) Importer(815301076,1909f56bfc062723c751e8b465ee728b)  -> (artifact id: '46381176bfd0006e5c192d0f7e061e81') in 0.019489 seconds 
========================================================================
Received Import Request.
  Time since last request: 314.416633 seconds.
  path: Assets/Scripts/GroundControl.cs
  artifactKey: Guid(1819efc1cef4424449d02e7e7c6e369d) Importer(815301076,1909f56bfc062723c751e8b465ee728b)
Start importing Assets/Scripts/GroundControl.cs using Guid(1819efc1cef4424449d02e7e7c6e369d) Importer(815301076,1909f56bfc062723c751e8b465ee728b)  -> (artifact id: 'e01db50ced85ee164e8d5e6331a465f6') in 0.006514 seconds 
========================================================================
Received Prepare
Registering precompiled user dll's ...
Registered in 0.004149 seconds.
Begin MonoManager ReloadAssembly
Native extension for WindowsStandalone target not found
Refreshing native plugins compatible for Editor in 0.73 ms, found 3 plugins.
Preloading 0 native plugins for Editor in 0.00 ms.
Mono: successfully reloaded assembly
- Completed reload, in  1.468 seconds
Domain Reload Profiling:
	ReloadAssembly (1468ms)
		BeginReloadAssembly (140ms)
			ExecutionOrderSort (0ms)
			DisableScriptedObjects (6ms)
			BackupInstance (0ms)
			ReleaseScriptingObjects (0ms)
			CreateAndSetChildDomain (42ms)
		EndReloadAssembly (1265ms)
			LoadAssemblies (127ms)
			RebuildTransferFunctionScriptingTraits (0ms)
			SetupTypeCache (515ms)
			ReleaseScriptCaches (1ms)
			RebuildScriptCaches (59ms)
			SetupLoadedEditorAssemblies (390ms)
				LogAssemblyErrors (0ms)
				InitializePlatformSupportModulesInManaged (7ms)
				SetLoadedEditorAssemblies (1ms)
				RefreshPlugins (1ms)
				BeforeProcessingInitializeOnLoad (62ms)
				ProcessInitializeOnLoadAttributes (311ms)
				ProcessInitializeOnLoadMethodAttributes (6ms)
				AfterProcessingInitializeOnLoad (2ms)
				EditorAssembliesLoaded (0ms)
			ExecutionOrderSort2 (0ms)
			AwakeInstancesAfterBackupRestoration (17ms)
Platform modules already initialized, skipping
Refreshing native plugins compatible for Editor in 0.60 ms, found 3 plugins.
Preloading 0 native plugins for Editor in 0.00 ms.
Unloading 2956 Unused Serialized files (Serialized files now loaded: 0)
System memory in use before: 120.4 MB.
System memory in use after: 120.6 MB.

Unloading 17 unused Assets to reduce memory usage. Loaded Objects now: 3637.
Total: 3.570000 ms (FindLiveObjects: 0.306300 ms CreateObjectMapping: 0.136800 ms MarkObjects: 3.096300 ms  DeleteObjects: 0.029500 ms)

AssetImportParameters requested are different than current active one (requested -> active):
  custom:framework-win-MediaFoundation: 216162199b28c13a410421893ffa2e32 -> 
  custom:video-decoder-ogg-theora: a1e56fd34408186e4bbccfd4996cb3dc -> 
  custom:container-muxer-webm: aa71ff27fc2769a1b78a27578f13a17b -> 
  custom:container-demuxer-webm: 4f35f7cbe854078d1ac9338744f61a02 -> 
  custom:container-demuxer-ogg: 62fdf1f143b41e24485cea50d1cbac27 -> 
  custom:video-encoder-webm-vp8: eb34c28f22e8b96e1ab97ce403110664 -> 
  custom:video-decoder-webm-vp8: 9c59270c3fd7afecdb556c50c9e8de78 -> 
  custom:audio-decoder-ogg-vorbis: bf7c407c2cedff20999df2af8eb42d56 -> 
  custom:audio-encoder-webm-vorbis: bf7c407c2cedff20999df2af8eb42d56 -> 
========================================================================
Received Import Request.
  Time since last request: 210.174533 seconds.
  path: Assets/Scripts/PlayerCollider.cs
  artifactKey: Guid(737ae0ae575c0a94eaf73fbc3a23c467) Importer(815301076,1909f56bfc062723c751e8b465ee728b)
Start importing Assets/Scripts/PlayerCollider.cs using Guid(737ae0ae575c0a94eaf73fbc3a23c467) Importer(815301076,1909f56bfc062723c751e8b465ee728b)  -> (artifact id: 'f36ac29c77e4a4c1375c7a21985e6c05') in 0.010128 seconds 
========================================================================
Received Prepare
Registering precompiled user dll's ...
Registered in 0.004160 seconds.
Begin MonoManager ReloadAssembly
Native extension for WindowsStandalone target not found
Refreshing native plugins compatible for Editor in 0.63 ms, found 3 plugins.
Preloading 0 native plugins for Editor in 0.00 ms.
Mono: successfully reloaded assembly
- Completed reload, in  1.204 seconds
Domain Reload Profiling:
	ReloadAssembly (1205ms)
		BeginReloadAssembly (145ms)
			ExecutionOrderSort (0ms)
			DisableScriptedObjects (7ms)
			BackupInstance (0ms)
			ReleaseScriptingObjects (0ms)
			CreateAndSetChildDomain (39ms)
		EndReloadAssembly (998ms)
			LoadAssemblies (117ms)
			RebuildTransferFunctionScriptingTraits (0ms)
			SetupTypeCache (365ms)
			ReleaseScriptCaches (1ms)
			RebuildScriptCaches (48ms)
			SetupLoadedEditorAssemblies (351ms)
				LogAssemblyErrors (0ms)
				InitializePlatformSupportModulesInManaged (5ms)
				SetLoadedEditorAssemblies (0ms)
				RefreshPlugins (1ms)
				BeforeProcessingInitializeOnLoad (60ms)
				ProcessInitializeOnLoadAttributes (278ms)
				ProcessInitializeOnLoadMethodAttributes (5ms)
				AfterProcessingInitializeOnLoad (2ms)
				EditorAssembliesLoaded (0ms)
			ExecutionOrderSort2 (0ms)
			AwakeInstancesAfterBackupRestoration (14ms)
Platform modules already initialized, skipping
Refreshing native plugins compatible for Editor in 1.36 ms, found 3 plugins.
Preloading 0 native plugins for Editor in 0.00 ms.
Unloading 2949 Unused Serialized files (Serialized files now loaded: 0)
System memory in use before: 120.1 MB.
System memory in use after: 120.3 MB.

Unloading 17 unused Assets to reduce memory usage. Loaded Objects now: 3640.
Total: 6.377000 ms (FindLiveObjects: 0.554400 ms CreateObjectMapping: 0.434400 ms MarkObjects: 5.352400 ms  DeleteObjects: 0.033800 ms)

AssetImportParameters requested are different than current active one (requested -> active):
  custom:framework-win-MediaFoundation: 216162199b28c13a410421893ffa2e32 -> 
  custom:video-decoder-ogg-theora: a1e56fd34408186e4bbccfd4996cb3dc -> 
  custom:container-muxer-webm: aa71ff27fc2769a1b78a27578f13a17b -> 
  custom:container-demuxer-webm: 4f35f7cbe854078d1ac9338744f61a02 -> 
  custom:container-demuxer-ogg: 62fdf1f143b41e24485cea50d1cbac27 -> 
  custom:video-encoder-webm-vp8: eb34c28f22e8b96e1ab97ce403110664 -> 
  custom:video-decoder-webm-vp8: 9c59270c3fd7afecdb556c50c9e8de78 -> 
  custom:audio-decoder-ogg-vorbis: bf7c407c2cedff20999df2af8eb42d56 -> 
  custom:audio-encoder-webm-vorbis: bf7c407c2cedff20999df2af8eb42d56 -> 
========================================================================
Received Import Request.
  Time since last request: 40.956574 seconds.
  path: Assets/Scripts/PlayerCollider.cs
  artifactKey: Guid(737ae0ae575c0a94eaf73fbc3a23c467) Importer(815301076,1909f56bfc062723c751e8b465ee728b)
Start importing Assets/Scripts/PlayerCollider.cs using Guid(737ae0ae575c0a94eaf73fbc3a23c467) Importer(815301076,1909f56bfc062723c751e8b465ee728b)  -> (artifact id: '181bd893c6468e099b4639feee649822') in 0.014271 seconds 
========================================================================
Received Prepare
Registering precompiled user dll's ...
Registered in 0.004918 seconds.
Begin MonoManager ReloadAssembly
Native extension for WindowsStandalone target not found
Refreshing native plugins compatible for Editor in 0.70 ms, found 3 plugins.
Preloading 0 native plugins for Editor in 0.00 ms.
Mono: successfully reloaded assembly
- Completed reload, in  1.104 seconds
Domain Reload Profiling:
	ReloadAssembly (1104ms)
		BeginReloadAssembly (139ms)
			ExecutionOrderSort (0ms)
			DisableScriptedObjects (7ms)
			BackupInstance (0ms)
			ReleaseScriptingObjects (0ms)
			CreateAndSetChildDomain (37ms)
		EndReloadAssembly (906ms)
			LoadAssemblies (113ms)
			RebuildTransferFunctionScriptingTraits (0ms)
			SetupTypeCache (358ms)
			ReleaseScriptCaches (1ms)
			RebuildScriptCaches (46ms)
			SetupLoadedEditorAssemblies (295ms)
				LogAssemblyErrors (0ms)
				InitializePlatformSupportModulesInManaged (5ms)
				SetLoadedEditorAssemblies (0ms)
				RefreshPlugins (1ms)
				BeforeProcessingInitializeOnLoad (47ms)
				ProcessInitializeOnLoadAttributes (235ms)
				ProcessInitializeOnLoadMethodAttributes (5ms)
				AfterProcessingInitializeOnLoad (2ms)
				EditorAssembliesLoaded (0ms)
			ExecutionOrderSort2 (0ms)
			AwakeInstancesAfterBackupRestoration (14ms)
Platform modules already initialized, skipping
Refreshing native plugins compatible for Editor in 0.68 ms, found 3 plugins.
Preloading 0 native plugins for Editor in 0.00 ms.
Unloading 2949 Unused Serialized files (Serialized files now loaded: 0)
System memory in use before: 120.1 MB.
System memory in use after: 120.3 MB.

Unloading 17 unused Assets to reduce memory usage. Loaded Objects now: 3643.
Total: 3.121900 ms (FindLiveObjects: 0.308100 ms CreateObjectMapping: 0.154400 ms MarkObjects: 2.637700 ms  DeleteObjects: 0.020700 ms)

AssetImportParameters requested are different than current active one (requested -> active):
  custom:framework-win-MediaFoundation: 216162199b28c13a410421893ffa2e32 -> 
  custom:video-decoder-ogg-theora: a1e56fd34408186e4bbccfd4996cb3dc -> 
  custom:container-muxer-webm: aa71ff27fc2769a1b78a27578f13a17b -> 
  custom:container-demuxer-webm: 4f35f7cbe854078d1ac9338744f61a02 -> 
  custom:container-demuxer-ogg: 62fdf1f143b41e24485cea50d1cbac27 -> 
  custom:video-encoder-webm-vp8: eb34c28f22e8b96e1ab97ce403110664 -> 
  custom:video-decoder-webm-vp8: 9c59270c3fd7afecdb556c50c9e8de78 -> 
  custom:audio-decoder-ogg-vorbis: bf7c407c2cedff20999df2af8eb42d56 -> 
  custom:audio-encoder-webm-vorbis: bf7c407c2cedff20999df2af8eb42d56 -> 
AssetImportWorkerClient::OnTransportError - code=2 error=End of file
